<?xml version="1.0" encoding="UTF-8"?>
<testng-results ignored="0" total="1" passed="1" failed="0" skipped="0">
  <reporter-output>
  </reporter-output>
  <suite started-at="2022-12-04T23:13:25 IST" name="Default suite" finished-at="2022-12-04T23:13:28 IST" duration-ms="2233">
    <groups>
    </groups>
    <test started-at="2022-12-04T23:13:25 IST" name="Default test" finished-at="2022-12-04T23:13:28 IST" duration-ms="2233">
      <class name="TestingBehaviour">
        <test-method signature="Login()[pri:0, instance:TestingBehaviour@49c386c8]" started-at="2022-12-04T23:13:26 IST" name="Login" finished-at="2022-12-04T23:13:28 IST" duration-ms="2205" status="PASS">
          <reporter-output>
          </reporter-output>
        </test-method> <!-- Login -->
      </class> <!-- TestingBehaviour -->
    </test> <!-- Default test -->
  </suite> <!-- Default suite -->
</testng-results>
